c:\users\danie\source\repos\fmi-introduction-to-programming\homework2\homework2\x64\debug\vc143.pdb
c:\users\danie\source\repos\fmi-introduction-to-programming\homework2\homework2\x64\debug\vc143.idb
c:\users\danie\source\repos\fmi-introduction-to-programming\homework2\homework2\x64\debug\fn0mi0600397_d2_1.obj
c:\users\danie\source\repos\fmi-introduction-to-programming\homework2\homework2\x64\debug\fn0mi0600397_d2_3.obj
c:\users\danie\source\repos\fmi-introduction-to-programming\homework2\homework2\x64\debug\fn0mi0600397_d2_2.obj
c:\users\danie\source\repos\fmi-introduction-to-programming\homework2\homework2\x64\debug\fn0mi0600397_d2_4.obj
c:\users\danie\source\repos\fmi-introduction-to-programming\homework2\x64\debug\homework2.exe
c:\users\danie\source\repos\fmi-introduction-to-programming\homework2\homework2\x64\debug\homework2.ilk
c:\users\danie\source\repos\fmi-introduction-to-programming\homework2\x64\debug\homework2.pdb
c:\users\danie\source\repos\fmi-introduction-to-programming\homework2\homework2\x64\debug\2.obj
c:\users\danie\source\repos\fmi-introduction-to-programming\homework2\homework2\x64\debug\3.obj
c:\users\danie\source\repos\fmi-introduction-to-programming\homework2\homework2\x64\debug\4.obj
c:\users\danie\source\repos\fmi-introduction-to-programming\homework2\homework2\x64\debug\homework2.obj
c:\users\danie\source\repos\fmi-introduction-to-programming\homework2\homework2\x64\debug\2.obj.enc
c:\users\danie\source\repos\fmi-introduction-to-programming\homework2\homework2\x64\debug\homework2.tlog\cl.command.1.tlog
c:\users\danie\source\repos\fmi-introduction-to-programming\homework2\homework2\x64\debug\homework2.tlog\cl.items.tlog
c:\users\danie\source\repos\fmi-introduction-to-programming\homework2\homework2\x64\debug\homework2.tlog\cl.read.1.tlog
c:\users\danie\source\repos\fmi-introduction-to-programming\homework2\homework2\x64\debug\homework2.tlog\cl.write.1.tlog
c:\users\danie\source\repos\fmi-introduction-to-programming\homework2\homework2\x64\debug\homework2.tlog\link.command.1.tlog
c:\users\danie\source\repos\fmi-introduction-to-programming\homework2\homework2\x64\debug\homework2.tlog\link.read.1.tlog
c:\users\danie\source\repos\fmi-introduction-to-programming\homework2\homework2\x64\debug\homework2.tlog\link.write.1.tlog
